#
# There is insufficient memory for the Java Runtime Environment to continue.
# Native memory allocation (malloc) failed to allocate 2507584 bytes for Chunk::new
# Possible reasons:
#   The system is out of physical RAM or swap space
#   The process is running with CompressedOops enabled, and the Java Heap may be blocking the growth of the native heap
# Possible solutions:
#   Reduce memory load on the system
#   Increase physical memory or swap space
#   Check if swap backing store is full
#   Decrease Java heap size (-Xmx/-Xms)
#   Decrease number of Java threads
#   Decrease Java thread stack sizes (-Xss)
#   Set larger code cache with -XX:ReservedCodeCacheSize=
#   JVM is running with Unscaled Compressed Oops mode in which the Java heap is
#     placed in the first 4GB address space. The Java Heap base address is the
#     maximum limit for the native heap growth. Please use -XX:HeapBaseMinAddress
#     to set the Java Heap base and to place the Java Heap above 4GB virtual address.
# This output file may be truncated or incomplete.
#
#  Out of Memory Error (./open/src/hotspot/share/memory/arena.cpp:195), pid=5060, tid=10820
#
# JRE version: Java(TM) SE Runtime Environment (14.0.1+7) (build 14.0.1+7)
# Java VM: Java HotSpot(TM) 64-Bit Server VM (14.0.1+7, mixed mode, sharing, tiered, compressed oops, g1 gc, windows-amd64)
# No core dump will be written. Minidumps are not enabled by default on client versions of Windows
#

---------------  S U M M A R Y ------------

Command Line: --add-opens=java.base/java.util=ALL-UNNAMED --add-opens=java.base/java.lang=ALL-UNNAMED --add-opens=java.base/java.lang.invoke=ALL-UNNAMED --add-opens=java.prefs/java.util.prefs=ALL-UNNAMED -XX:MaxMetaspaceSize=256m -XX:+HeapDumpOnOutOfMemoryError -Xms256m -Xmx512m -Dfile.encoding=windows-1256 -Duser.country=US -Duser.language=en -Duser.variant org.gradle.launcher.daemon.bootstrap.GradleDaemon 6.8

Host: Intel(R) Core(TM) i7-6700HQ CPU @ 2.60GHz, 8 cores, 11G,  Windows 10 , 64 bit Build 19041 (10.0.19041.1151)
Time: Sat Sep  4 18:57:18 2021 Iran Daylight Time elapsed time: 4 seconds (0d 0h 0m 4s)

---------------  T H R E A D  ---------------

Current thread (0x00000225b34d6000):  JavaThread "C2 CompilerThread0" daemon [_thread_in_native, id=10820, stack(0x0000009ac0800000,0x0000009ac0900000)]


Current CompileTask:
C2:   4598 1871   !   4       java.lang.ClassLoader::loadClass (122 bytes)

Stack: [0x0000009ac0800000,0x0000009ac0900000]
Native frames: (J=compiled Java code, j=interpreted, Vv=VM code, C=native code)
V  [jvm.dll+0x5f840a]
V  [jvm.dll+0x741e4a]
V  [jvm.dll+0x7435ff]
V  [jvm.dll+0x743c43]
V  [jvm.dll+0x20d288]
V  [jvm.dll+0xabb07]
V  [jvm.dll+0xac1fc]
V  [jvm.dll+0x31c4c5]
V  [jvm.dll+0x18ce00]
V  [jvm.dll+0x1e5efa]
V  [jvm.dll+0x1e50b8]
V  [jvm.dll+0x1779cc]
V  [jvm.dll+0x1f4105]
V  [jvm.dll+0x1f22eb]
V  [jvm.dll+0x706a9d]
V  [jvm.dll+0x6ff8ba]
V  [jvm.dll+0x5f72c6]
C  [ucrtbase.dll+0x21bb2]
C  [KERNEL32.DLL+0x17034]
C  [ntdll.dll+0x52651]


---------------  P R O C E S S  ---------------

Threads class SMR info:
_java_thread_list=0x00000225b7b2b000, length=25, elements={
0x0000022597c9e800, 0x00000225b34b0000, 0x00000225b34b1800, 0x00000225b34d0800,
0x00000225b34d1800, 0x00000225b34d2800, 0x00000225b34d6000, 0x00000225b34dd800,
0x00000225b34e4800, 0x00000225b3f28800, 0x00000225b3f82800, 0x00000225b5e31800,
0x00000225b5f88800, 0x00000225b58f2000, 0x00000225b636c000, 0x00000225b57af800,
0x00000225b505d800, 0x00000225b5712800, 0x00000225b5b8c800, 0x00000225b58a6800,
0x00000225b58a2800, 0x00000225b58a7800, 0x00000225b58a1800, 0x00000225b58a8000,
0x00000225b4c2c800
}

Java Threads: ( => current thread )
  0x0000022597c9e800 JavaThread "main" [_thread_blocked, id=9700, stack(0x0000009abfc00000,0x0000009abfd00000)]
  0x00000225b34b0000 JavaThread "Reference Handler" daemon [_thread_blocked, id=15632, stack(0x0000009ac0300000,0x0000009ac0400000)]
  0x00000225b34b1800 JavaThread "Finalizer" daemon [_thread_blocked, id=12192, stack(0x0000009ac0400000,0x0000009ac0500000)]
  0x00000225b34d0800 JavaThread "Signal Dispatcher" daemon [_thread_blocked, id=16084, stack(0x0000009ac0500000,0x0000009ac0600000)]
  0x00000225b34d1800 JavaThread "Attach Listener" daemon [_thread_blocked, id=8600, stack(0x0000009ac0600000,0x0000009ac0700000)]
  0x00000225b34d2800 JavaThread "Service Thread" daemon [_thread_blocked, id=14520, stack(0x0000009ac0700000,0x0000009ac0800000)]
=>0x00000225b34d6000 JavaThread "C2 CompilerThread0" daemon [_thread_in_native, id=10820, stack(0x0000009ac0800000,0x0000009ac0900000)]
  0x00000225b34dd800 JavaThread "C1 CompilerThread0" daemon [_thread_blocked, id=16580, stack(0x0000009ac0900000,0x0000009ac0a00000)]
  0x00000225b34e4800 JavaThread "Sweeper thread" daemon [_thread_blocked, id=12300, stack(0x0000009ac0a00000,0x0000009ac0b00000)]
  0x00000225b3f28800 JavaThread "Common-Cleaner" daemon [_thread_blocked, id=17068, stack(0x0000009ac0b00000,0x0000009ac0c00000)]
  0x00000225b3f82800 JavaThread "Notification Thread" daemon [_thread_blocked, id=9080, stack(0x0000009ac0c00000,0x0000009ac0d00000)]
  0x00000225b5e31800 JavaThread "Daemon health stats" [_thread_blocked, id=10720, stack(0x0000009ac1500000,0x0000009ac1600000)]
  0x00000225b5f88800 JavaThread "Incoming local TCP Connector on port 64531" [_thread_in_native, id=12924, stack(0x0000009ac1700000,0x0000009ac1800000)]
  0x00000225b58f2000 JavaThread "Daemon periodic checks" [_thread_blocked, id=7360, stack(0x0000009ac1800000,0x0000009ac1900000)]
  0x00000225b636c000 JavaThread "Daemon" [_thread_blocked, id=17064, stack(0x0000009ac1900000,0x0000009ac1a00000)]
  0x00000225b57af800 JavaThread "Handler for socket connection from /127.0.0.1:64531 to /127.0.0.1:64532" [_thread_in_native, id=16516, stack(0x0000009ac1a00000,0x0000009ac1b00000)]
  0x00000225b505d800 JavaThread "Cancel handler" [_thread_blocked, id=16664, stack(0x0000009ac1b00000,0x0000009ac1c00000)]
  0x00000225b5712800 JavaThread "Daemon worker" [_thread_in_vm, id=8704, stack(0x0000009ac1c00000,0x0000009ac1d00000)]
  0x00000225b5b8c800 JavaThread "Asynchronous log dispatcher for DefaultDaemonConnection: socket connection from /127.0.0.1:64531 to /127.0.0.1:64532" [_thread_blocked, id=7020, stack(0x0000009ac1d00000,0x0000009ac1e00000)]
  0x00000225b58a6800 JavaThread "Stdin handler" [_thread_blocked, id=2604, stack(0x0000009ac1e00000,0x0000009ac1f00000)]
  0x00000225b58a2800 JavaThread "Daemon client event forwarder" [_thread_blocked, id=13900, stack(0x0000009ac1f00000,0x0000009ac2000000)]
  0x00000225b58a7800 JavaThread "Cache worker for file hash cache (C:\Users\Arta\.gradle\caches\6.8\fileHashes)" [_thread_blocked, id=11304, stack(0x0000009ac2000000,0x0000009ac2100000)]
  0x00000225b58a1800 JavaThread "File lock request listener" [_thread_in_native, id=16620, stack(0x0000009ac2100000,0x0000009ac2200000)]
  0x00000225b58a8000 JavaThread "Cache worker for journal cache (C:\Users\Arta\.gradle\caches\journal-1)" [_thread_blocked, id=8016, stack(0x0000009ac0e00000,0x0000009ac0f00000)]
  0x00000225b4c2c800 JavaThread "C2 CompilerThread1" daemon [_thread_in_native, id=8944, stack(0x0000009ac2200000,0x0000009ac2300000)]

Other Threads:
  0x00000225b34aa800 VMThread "VM Thread" [stack: 0x0000009ac0200000,0x0000009ac0300000] [id=1584]
  0x00000225b3f87800 WatcherThread [stack: 0x0000009ac0d00000,0x0000009ac0e00000] [id=9564]
  0x0000022597cc9000 GCTaskThread "GC Thread#0" [stack: 0x0000009abfd00000,0x0000009abfe00000] [id=13824]
  0x00000225b4b7e000 GCTaskThread "GC Thread#1" [stack: 0x0000009ac0f00000,0x0000009ac1000000] [id=5380]
  0x00000225b4fed800 GCTaskThread "GC Thread#2" [stack: 0x0000009ac1000000,0x0000009ac1100000] [id=17032]
  0x00000225b4a0e800 GCTaskThread "GC Thread#3" [stack: 0x0000009ac1100000,0x0000009ac1200000] [id=11968]
  0x00000225b4a39000 GCTaskThread "GC Thread#4" [stack: 0x0000009ac1200000,0x0000009ac1300000] [id=16808]
  0x00000225b4af2000 GCTaskThread "GC Thread#5" [stack: 0x0000009ac1300000,0x0000009ac1400000] [id=10832]
  0x0000022597ccf800 ConcurrentGCThread "G1 Main Marker" [stack: 0x0000009abfe00000,0x0000009abff00000] [id=11932]
  0x0000022597cd1000 ConcurrentGCThread "G1 Conc#0" [stack: 0x0000009abff00000,0x0000009ac0000000] [id=17076]
  0x00000225b335a800 ConcurrentGCThread "G1 Refine#0" [stack: 0x0000009ac0000000,0x0000009ac0100000] [id=4836]
  0x00000225b335b800 ConcurrentGCThread "G1 Young RemSet Sampling" [stack: 0x0000009ac0100000,0x0000009ac0200000] [id=6940]

Threads with active compile tasks:
C2 CompilerThread0     4659 1871   !   4       java.lang.ClassLoader::loadClass (122 bytes)
C2 CompilerThread1     4659 1995       4       java.util.jar.JarFile::getVersionedEntry (85 bytes)

VM state:not at safepoint (normal execution)

VM Mutex/Monitor currently owned by a thread: None

Heap address: 0x00000000e0000000, size: 512 MB, Compressed Oops mode: 32-bit
Narrow klass base: 0x0000000800000000, Narrow klass shift: 3
Compressed class space size: 260046848 Address: 0x0000000800b30000

Heap:
 garbage-first heap   total 262144K, used 102202K [0x00000000e0000000, 0x0000000100000000)
  region size 1024K, 92 young (94208K), 4 survivors (4096K)
 Metaspace       used 15550K, capacity 16113K, committed 16384K, reserved 268288K
  class space    used 2293K, capacity 2502K, committed 2560K, reserved 253952K
Heap Regions: E=young(eden), S=young(survivor), O=old, HS=humongous(starts), HC=humongous(continues), CS=collection set, F=free, OA=open archive, CA=closed archive, TAMS=top-at-mark-start (previous, next)
|   0|0x00000000e0000000, 0x00000000e0100000, 0x00000000e0100000|100%| O|  |TAMS 0x00000000e0000000, 0x00000000e0000000| Untracked 
|   1|0x00000000e0100000, 0x00000000e0200000, 0x00000000e0200000|100%| O|  |TAMS 0x00000000e0100000, 0x00000000e0100000| Untracked 
|   2|0x00000000e0200000, 0x00000000e02ce800, 0x00000000e0300000| 80%| O|  |TAMS 0x00000000e0200000, 0x00000000e0200000| Untracked 
|   3|0x00000000e0300000, 0x00000000e0400000, 0x00000000e0400000|100%|HS|  |TAMS 0x00000000e0300000, 0x00000000e0300000| Complete 
|   4|0x00000000e0400000, 0x00000000e0500000, 0x00000000e0500000|100%|HC|  |TAMS 0x00000000e0400000, 0x00000000e0400000| Complete 
|   5|0x00000000e0500000, 0x00000000e0600000, 0x00000000e0600000|100%|HC|  |TAMS 0x00000000e0500000, 0x00000000e0500000| Complete 
|   6|0x00000000e0600000, 0x00000000e0700000, 0x00000000e0700000|100%| O|  |TAMS 0x00000000e0600000, 0x00000000e0600000| Untracked 
|   7|0x00000000e0700000, 0x00000000e0800000, 0x00000000e0800000|100%| O|  |TAMS 0x00000000e0700000, 0x00000000e0700000| Untracked 
|   8|0x00000000e0800000, 0x00000000e0900000, 0x00000000e0900000|100%| O|  |TAMS 0x00000000e0800000, 0x00000000e0800000| Untracked 
|   9|0x00000000e0900000, 0x00000000e0900000, 0x00000000e0a00000|  0%| F|  |TAMS 0x00000000e0900000, 0x00000000e0900000| Untracked 
|  10|0x00000000e0a00000, 0x00000000e0a00000, 0x00000000e0b00000|  0%| F|  |TAMS 0x00000000e0a00000, 0x00000000e0a00000| Untracked 
|  11|0x00000000e0b00000, 0x00000000e0b00000, 0x00000000e0c00000|  0%| F|  |TAMS 0x00000000e0b00000, 0x00000000e0b00000| Untracked 
|  12|0x00000000e0c00000, 0x00000000e0c00000, 0x00000000e0d00000|  0%| F|  |TAMS 0x00000000e0c00000, 0x00000000e0c00000| Untracked 
|  13|0x00000000e0d00000, 0x00000000e0d00000, 0x00000000e0e00000|  0%| F|  |TAMS 0x00000000e0d00000, 0x00000000e0d00000| Untracked 
|  14|0x00000000e0e00000, 0x00000000e0e00000, 0x00000000e0f00000|  0%| F|  |TAMS 0x00000000e0e00000, 0x00000000e0e00000| Untracked 
|  15|0x00000000e0f00000, 0x00000000e0f00000, 0x00000000e1000000|  0%| F|  |TAMS 0x00000000e0f00000, 0x00000000e0f00000| Untracked 
|  16|0x00000000e1000000, 0x00000000e1000000, 0x00000000e1100000|  0%| F|  |TAMS 0x00000000e1000000, 0x00000000e1000000| Untracked 
|  17|0x00000000e1100000, 0x00000000e1100000, 0x00000000e1200000|  0%| F|  |TAMS 0x00000000e1100000, 0x00000000e1100000| Untracked 
|  18|0x00000000e1200000, 0x00000000e1200000, 0x00000000e1300000|  0%| F|  |TAMS 0x00000000e1200000, 0x00000000e1200000| Untracked 
|  19|0x00000000e1300000, 0x00000000e1300000, 0x00000000e1400000|  0%| F|  |TAMS 0x00000000e1300000, 0x00000000e1300000| Untracked 
|  20|0x00000000e1400000, 0x00000000e1400000, 0x00000000e1500000|  0%| F|  |TAMS 0x00000000e1400000, 0x00000000e1400000| Untracked 
|  21|0x00000000e1500000, 0x00000000e1500000, 0x00000000e1600000|  0%| F|  |TAMS 0x00000000e1500000, 0x00000000e1500000| Untracked 
|  22|0x00000000e1600000, 0x00000000e1600000, 0x00000000e1700000|  0%| F|  |TAMS 0x00000000e1600000, 0x00000000e1600000| Untracked 
|  23|0x00000000e1700000, 0x00000000e1700000, 0x00000000e1800000|  0%| F|  |TAMS 0x00000000e1700000, 0x00000000e1700000| Untracked 
|  24|0x00000000e1800000, 0x00000000e1800000, 0x00000000e1900000|  0%| F|  |TAMS 0x00000000e1800000, 0x00000000e1800000| Untracked 
|  25|0x00000000e1900000, 0x00000000e1900000, 0x00000000e1a00000|  0%| F|  |TAMS 0x00000000e1900000, 0x00000000e1900000| Untracked 
|  26|0x00000000e1a00000, 0x00000000e1a00000, 0x00000000e1b00000|  0%| F|  |TAMS 0x00000000e1a00000, 0x00000000e1a00000| Untracked 
|  27|0x00000000e1b00000, 0x00000000e1b00000, 0x00000000e1c00000|  0%| F|  |TAMS 0x00000000e1b00000, 0x00000000e1b00000| Untracked 
|  28|0x00000000e1c00000, 0x00000000e1c00000, 0x00000000e1d00000|  0%| F|  |TAMS 0x00000000e1c00000, 0x00000000e1c00000| Untracked 
|  29|0x00000000e1d00000, 0x00000000e1d00000, 0x00000000e1e00000|  0%| F|  |TAMS 0x00000000e1d00000, 0x00000000e1d00000| Untracked 
|  30|0x00000000e1e00000, 0x00000000e1e00000, 0x00000000e1f00000|  0%| F|  |TAMS 0x00000000e1e00000, 0x00000000e1e00000| Untracked 
|  31|0x00000000e1f00000, 0x00000000e1f00000, 0x00000000e2000000|  0%| F|  |TAMS 0x00000000e1f00000, 0x00000000e1f00000| Untracked 
|  32|0x00000000e2000000, 0x00000000e2000000, 0x00000000e2100000|  0%| F|  |TAMS 0x00000000e2000000, 0x00000000e2000000| Untracked 
|  33|0x00000000e2100000, 0x00000000e2100000, 0x00000000e2200000|  0%| F|  |TAMS 0x00000000e2100000, 0x00000000e2100000| Untracked 
|  34|0x00000000e2200000, 0x00000000e2200000, 0x00000000e2300000|  0%| F|  |TAMS 0x00000000e2200000, 0x00000000e2200000| Untracked 
|  35|0x00000000e2300000, 0x00000000e2300000, 0x00000000e2400000|  0%| F|  |TAMS 0x00000000e2300000, 0x00000000e2300000| Untracked 
|  36|0x00000000e2400000, 0x00000000e2400000, 0x00000000e2500000|  0%| F|  |TAMS 0x00000000e2400000, 0x00000000e2400000| Untracked 
|  37|0x00000000e2500000, 0x00000000e2500000, 0x00000000e2600000|  0%| F|  |TAMS 0x00000000e2500000, 0x00000000e2500000| Untracked 
|  38|0x00000000e2600000, 0x00000000e2600000, 0x00000000e2700000|  0%| F|  |TAMS 0x00000000e2600000, 0x00000000e2600000| Untracked 
|  39|0x00000000e2700000, 0x00000000e2700000, 0x00000000e2800000|  0%| F|  |TAMS 0x00000000e2700000, 0x00000000e2700000| Untracked 
|  40|0x00000000e2800000, 0x00000000e2800000, 0x00000000e2900000|  0%| F|  |TAMS 0x00000000e2800000, 0x00000000e2800000| Untracked 
|  41|0x00000000e2900000, 0x00000000e2900000, 0x00000000e2a00000|  0%| F|  |TAMS 0x00000000e2900000, 0x00000000e2900000| Untracked 
|  42|0x00000000e2a00000, 0x00000000e2a00000, 0x00000000e2b00000|  0%| F|  |TAMS 0x00000000e2a00000, 0x00000000e2a00000| Untracked 
|  43|0x00000000e2b00000, 0x00000000e2b00000, 0x00000000e2c00000|  0%| F|  |TAMS 0x00000000e2b00000, 0x00000000e2b00000| Untracked 
|  44|0x00000000e2c00000, 0x00000000e2c00000, 0x00000000e2d00000|  0%| F|  |TAMS 0x00000000e2c00000, 0x00000000e2c00000| Untracked 
|  45|0x00000000e2d00000, 0x00000000e2d00000, 0x00000000e2e00000|  0%| F|  |TAMS 0x00000000e2d00000, 0x00000000e2d00000| Untracked 
|  46|0x00000000e2e00000, 0x00000000e2e00000, 0x00000000e2f00000|  0%| F|  |TAMS 0x00000000e2e00000, 0x00000000e2e00000| Untracked 
|  47|0x00000000e2f00000, 0x00000000e2f00000, 0x00000000e3000000|  0%| F|  |TAMS 0x00000000e2f00000, 0x00000000e2f00000| Untracked 
|  48|0x00000000e3000000, 0x00000000e3000000, 0x00000000e3100000|  0%| F|  |TAMS 0x00000000e3000000, 0x00000000e3000000| Untracked 
|  49|0x00000000e3100000, 0x00000000e3100000, 0x00000000e3200000|  0%| F|  |TAMS 0x00000000e3100000, 0x00000000e3100000| Untracked 
|  50|0x00000000e3200000, 0x00000000e3200000, 0x00000000e3300000|  0%| F|  |TAMS 0x00000000e3200000, 0x00000000e3200000| Untracked 
|  51|0x00000000e3300000, 0x00000000e3300000, 0x00000000e3400000|  0%| F|  |TAMS 0x00000000e3300000, 0x00000000e3300000| Untracked 
|  52|0x00000000e3400000, 0x00000000e3400000, 0x00000000e3500000|  0%| F|  |TAMS 0x00000000e3400000, 0x00000000e3400000| Untracked 
|  53|0x00000000e3500000, 0x00000000e3500000, 0x00000000e3600000|  0%| F|  |TAMS 0x00000000e3500000, 0x00000000e3500000| Untracked 
|  54|0x00000000e3600000, 0x00000000e3600000, 0x00000000e3700000|  0%| F|  |TAMS 0x00000000e3600000, 0x00000000e3600000| Untracked 
|  55|0x00000000e3700000, 0x00000000e3700000, 0x00000000e3800000|  0%| F|  |TAMS 0x00000000e3700000, 0x00000000e3700000| Untracked 
|  56|0x00000000e3800000, 0x00000000e3800000, 0x00000000e3900000|  0%| F|  |TAMS 0x00000000e3800000, 0x00000000e3800000| Untracked 
|  57|0x00000000e3900000, 0x00000000e3900000, 0x00000000e3a00000|  0%| F|  |TAMS 0x00000000e3900000, 0x00000000e3900000| Untracked 
|  58|0x00000000e3a00000, 0x00000000e3a00000, 0x00000000e3b00000|  0%| F|  |TAMS 0x00000000e3a00000, 0x00000000e3a00000| Untracked 
|  59|0x00000000e3b00000, 0x00000000e3b00000, 0x00000000e3c00000|  0%| F|  |TAMS 0x00000000e3b00000, 0x00000000e3b00000| Untracked 
|  60|0x00000000e3c00000, 0x00000000e3c00000, 0x00000000e3d00000|  0%| F|  |TAMS 0x00000000e3c00000, 0x00000000e3c00000| Untracked 
|  61|0x00000000e3d00000, 0x00000000e3d00000, 0x00000000e3e00000|  0%| F|  |TAMS 0x00000000e3d00000, 0x00000000e3d00000| Untracked 
|  62|0x00000000e3e00000, 0x00000000e3e00000, 0x00000000e3f00000|  0%| F|  |TAMS 0x00000000e3e00000, 0x00000000e3e00000| Untracked 
|  63|0x00000000e3f00000, 0x00000000e3f00000, 0x00000000e4000000|  0%| F|  |TAMS 0x00000000e3f00000, 0x00000000e3f00000| Untracked 
|  64|0x00000000e4000000, 0x00000000e4000000, 0x00000000e4100000|  0%| F|  |TAMS 0x00000000e4000000, 0x00000000e4000000| Untracked 
|  65|0x00000000e4100000, 0x00000000e4100000, 0x00000000e4200000|  0%| F|  |TAMS 0x00000000e4100000, 0x00000000e4100000| Untracked 
|  66|0x00000000e4200000, 0x00000000e4200000, 0x00000000e4300000|  0%| F|  |TAMS 0x00000000e4200000, 0x00000000e4200000| Untracked 
|  67|0x00000000e4300000, 0x00000000e4300000, 0x00000000e4400000|  0%| F|  |TAMS 0x00000000e4300000, 0x00000000e4300000| Untracked 
|  68|0x00000000e4400000, 0x00000000e4400000, 0x00000000e4500000|  0%| F|  |TAMS 0x00000000e4400000, 0x00000000e4400000| Untracked 
|  69|0x00000000e4500000, 0x00000000e4500000, 0x00000000e4600000|  0%| F|  |TAMS 0x00000000e4500000, 0x00000000e4500000| Untracked 
|  70|0x00000000e4600000, 0x00000000e4600000, 0x00000000e4700000|  0%| F|  |TAMS 0x00000000e4600000, 0x00000000e4600000| Untracked 
|  71|0x00000000e4700000, 0x00000000e4700000, 0x00000000e4800000|  0%| F|  |TAMS 0x00000000e4700000, 0x00000000e4700000| Untracked 
|  72|0x00000000e4800000, 0x00000000e4800000, 0x00000000e4900000|  0%| F|  |TAMS 0x00000000e4800000, 0x00000000e4800000| Untracked 
|  73|0x00000000e4900000, 0x00000000e4900000, 0x00000000e4a00000|  0%| F|  |TAMS 0x00000000e4900000, 0x00000000e4900000| Untracked 
|  74|0x00000000e4a00000, 0x00000000e4a00000, 0x00000000e4b00000|  0%| F|  |TAMS 0x00000000e4a00000, 0x00000000e4a00000| Untracked 
|  75|0x00000000e4b00000, 0x00000000e4b00000, 0x00000000e4c00000|  0%| F|  |TAMS 0x00000000e4b00000, 0x00000000e4b00000| Untracked 
|  76|0x00000000e4c00000, 0x00000000e4c00000, 0x00000000e4d00000|  0%| F|  |TAMS 0x00000000e4c00000, 0x00000000e4c00000| Untracked 
|  77|0x00000000e4d00000, 0x00000000e4d00000, 0x00000000e4e00000|  0%| F|  |TAMS 0x00000000e4d00000, 0x00000000e4d00000| Untracked 
|  78|0x00000000e4e00000, 0x00000000e4e00000, 0x00000000e4f00000|  0%| F|  |TAMS 0x00000000e4e00000, 0x00000000e4e00000| Untracked 
|  79|0x00000000e4f00000, 0x00000000e4f00000, 0x00000000e5000000|  0%| F|  |TAMS 0x00000000e4f00000, 0x00000000e4f00000| Untracked 
|  80|0x00000000e5000000, 0x00000000e5000000, 0x00000000e5100000|  0%| F|  |TAMS 0x00000000e5000000, 0x00000000e5000000| Untracked 
|  81|0x00000000e5100000, 0x00000000e5100000, 0x00000000e5200000|  0%| F|  |TAMS 0x00000000e5100000, 0x00000000e5100000| Untracked 
|  82|0x00000000e5200000, 0x00000000e5200000, 0x00000000e5300000|  0%| F|  |TAMS 0x00000000e5200000, 0x00000000e5200000| Untracked 
|  83|0x00000000e5300000, 0x00000000e5300000, 0x00000000e5400000|  0%| F|  |TAMS 0x00000000e5300000, 0x00000000e5300000| Untracked 
|  84|0x00000000e5400000, 0x00000000e5400000, 0x00000000e5500000|  0%| F|  |TAMS 0x00000000e5400000, 0x00000000e5400000| Untracked 
|  85|0x00000000e5500000, 0x00000000e5500000, 0x00000000e5600000|  0%| F|  |TAMS 0x00000000e5500000, 0x00000000e5500000| Untracked 
|  86|0x00000000e5600000, 0x00000000e5600000, 0x00000000e5700000|  0%| F|  |TAMS 0x00000000e5600000, 0x00000000e5600000| Untracked 
|  87|0x00000000e5700000, 0x00000000e5700000, 0x00000000e5800000|  0%| F|  |TAMS 0x00000000e5700000, 0x00000000e5700000| Untracked 
|  88|0x00000000e5800000, 0x00000000e5800000, 0x00000000e5900000|  0%| F|  |TAMS 0x00000000e5800000, 0x00000000e5800000| Untracked 
|  89|0x00000000e5900000, 0x00000000e5900000, 0x00000000e5a00000|  0%| F|  |TAMS 0x00000000e5900000, 0x00000000e5900000| Untracked 
|  90|0x00000000e5a00000, 0x00000000e5a00000, 0x00000000e5b00000|  0%| F|  |TAMS 0x00000000e5a00000, 0x00000000e5a00000| Untracked 
|  91|0x00000000e5b00000, 0x00000000e5b00000, 0x00000000e5c00000|  0%| F|  |TAMS 0x00000000e5b00000, 0x00000000e5b00000| Untracked 
|  92|0x00000000e5c00000, 0x00000000e5c00000, 0x00000000e5d00000|  0%| F|  |TAMS 0x00000000e5c00000, 0x00000000e5c00000| Untracked 
|  93|0x00000000e5d00000, 0x00000000e5d00000, 0x00000000e5e00000|  0%| F|  |TAMS 0x00000000e5d00000, 0x00000000e5d00000| Untracked 
|  94|0x00000000e5e00000, 0x00000000e5e00000, 0x00000000e5f00000|  0%| F|  |TAMS 0x00000000e5e00000, 0x00000000e5e00000| Untracked 
|  95|0x00000000e5f00000, 0x00000000e5f00000, 0x00000000e6000000|  0%| F|  |TAMS 0x00000000e5f00000, 0x00000000e5f00000| Untracked 
|  96|0x00000000e6000000, 0x00000000e6000000, 0x00000000e6100000|  0%| F|  |TAMS 0x00000000e6000000, 0x00000000e6000000| Untracked 
|  97|0x00000000e6100000, 0x00000000e6100000, 0x00000000e6200000|  0%| F|  |TAMS 0x00000000e6100000, 0x00000000e6100000| Untracked 
|  98|0x00000000e6200000, 0x00000000e6200000, 0x00000000e6300000|  0%| F|  |TAMS 0x00000000e6200000, 0x00000000e6200000| Untracked 
|  99|0x00000000e6300000, 0x00000000e6300000, 0x00000000e6400000|  0%| F|  |TAMS 0x00000000e6300000, 0x00000000e6300000| Untracked 
| 100|0x00000000e6400000, 0x00000000e6400000, 0x00000000e6500000|  0%| F|  |TAMS 0x00000000e6400000, 0x00000000e6400000| Untracked 
| 101|0x00000000e6500000, 0x00000000e6500000, 0x00000000e6600000|  0%| F|  |TAMS 0x00000000e6500000, 0x00000000e6500000| Untracked 
| 102|0x00000000e6600000, 0x00000000e6600000, 0x00000000e6700000|  0%| F|  |TAMS 0x00000000e6600000, 0x00000000e6600000| Untracked 
| 103|0x00000000e6700000, 0x00000000e6700000, 0x00000000e6800000|  0%| F|  |TAMS 0x00000000e6700000, 0x00000000e6700000| Untracked 
| 104|0x00000000e6800000, 0x00000000e6800000, 0x00000000e6900000|  0%| F|  |TAMS 0x00000000e6800000, 0x00000000e6800000| Untracked 
| 105|0x00000000e6900000, 0x00000000e6900000, 0x00000000e6a00000|  0%| F|  |TAMS 0x00000000e6900000, 0x00000000e6900000| Untracked 
| 106|0x00000000e6a00000, 0x00000000e6a00000, 0x00000000e6b00000|  0%| F|  |TAMS 0x00000000e6a00000, 0x00000000e6a00000| Untracked 
| 107|0x00000000e6b00000, 0x00000000e6b00000, 0x00000000e6c00000|  0%| F|  |TAMS 0x00000000e6b00000, 0x00000000e6b00000| Untracked 
| 108|0x00000000e6c00000, 0x00000000e6c00000, 0x00000000e6d00000|  0%| F|  |TAMS 0x00000000e6c00000, 0x00000000e6c00000| Untracked 
| 109|0x00000000e6d00000, 0x00000000e6d00000, 0x00000000e6e00000|  0%| F|  |TAMS 0x00000000e6d00000, 0x00000000e6d00000| Untracked 
| 110|0x00000000e6e00000, 0x00000000e6e00000, 0x00000000e6f00000|  0%| F|  |TAMS 0x00000000e6e00000, 0x00000000e6e00000| Untracked 
| 111|0x00000000e6f00000, 0x00000000e6f00000, 0x00000000e7000000|  0%| F|  |TAMS 0x00000000e6f00000, 0x00000000e6f00000| Untracked 
| 112|0x00000000e7000000, 0x00000000e7000000, 0x00000000e7100000|  0%| F|  |TAMS 0x00000000e7000000, 0x00000000e7000000| Untracked 
| 113|0x00000000e7100000, 0x00000000e7100000, 0x00000000e7200000|  0%| F|  |TAMS 0x00000000e7100000, 0x00000000e7100000| Untracked 
| 114|0x00000000e7200000, 0x00000000e7200000, 0x00000000e7300000|  0%| F|  |TAMS 0x00000000e7200000, 0x00000000e7200000| Untracked 
| 115|0x00000000e7300000, 0x00000000e7300000, 0x00000000e7400000|  0%| F|  |TAMS 0x00000000e7300000, 0x00000000e7300000| Untracked 
| 116|0x00000000e7400000, 0x00000000e7400000, 0x00000000e7500000|  0%| F|  |TAMS 0x00000000e7400000, 0x00000000e7400000| Untracked 
| 117|0x00000000e7500000, 0x00000000e7500000, 0x00000000e7600000|  0%| F|  |TAMS 0x00000000e7500000, 0x00000000e7500000| Untracked 
| 118|0x00000000e7600000, 0x00000000e7600000, 0x00000000e7700000|  0%| F|  |TAMS 0x00000000e7600000, 0x00000000e7600000| Untracked 
| 119|0x00000000e7700000, 0x00000000e7700000, 0x00000000e7800000|  0%| F|  |TAMS 0x00000000e7700000, 0x00000000e7700000| Untracked 
| 120|0x00000000e7800000, 0x00000000e7800000, 0x00000000e7900000|  0%| F|  |TAMS 0x00000000e7800000, 0x00000000e7800000| Untracked 
| 121|0x00000000e7900000, 0x00000000e7900000, 0x00000000e7a00000|  0%| F|  |TAMS 0x00000000e7900000, 0x00000000e7900000| Untracked 
| 122|0x00000000e7a00000, 0x00000000e7a00000, 0x00000000e7b00000|  0%| F|  |TAMS 0x00000000e7a00000, 0x00000000e7a00000| Untracked 
| 123|0x00000000e7b00000, 0x00000000e7b00000, 0x00000000e7c00000|  0%| F|  |TAMS 0x00000000e7b00000, 0x00000000e7b00000| Untracked 
| 124|0x00000000e7c00000, 0x00000000e7c00000, 0x00000000e7d00000|  0%| F|  |TAMS 0x00000000e7c00000, 0x00000000e7c00000| Untracked 
| 125|0x00000000e7d00000, 0x00000000e7d00000, 0x00000000e7e00000|  0%| F|  |TAMS 0x00000000e7d00000, 0x00000000e7d00000| Untracked 
| 126|0x00000000e7e00000, 0x00000000e7e00000, 0x00000000e7f00000|  0%| F|  |TAMS 0x00000000e7e00000, 0x00000000e7e00000| Untracked 
| 127|0x00000000e7f00000, 0x00000000e7f00000, 0x00000000e8000000|  0%| F|  |TAMS 0x00000000e7f00000, 0x00000000e7f00000| Untracked 
| 128|0x00000000e8000000, 0x00000000e8000000, 0x00000000e8100000|  0%| F|  |TAMS 0x00000000e8000000, 0x00000000e8000000| Untracked 
| 129|0x00000000e8100000, 0x00000000e8100000, 0x00000000e8200000|  0%| F|  |TAMS 0x00000000e8100000, 0x00000000e8100000| Untracked 
| 130|0x00000000e8200000, 0x00000000e8200000, 0x00000000e8300000|  0%| F|  |TAMS 0x00000000e8200000, 0x00000000e8200000| Untracked 
| 131|0x00000000e8300000, 0x00000000e8300000, 0x00000000e8400000|  0%| F|  |TAMS 0x00000000e8300000, 0x00000000e8300000| Untracked 
| 132|0x00000000e8400000, 0x00000000e8400000, 0x00000000e8500000|  0%| F|  |TAMS 0x00000000e8400000, 0x00000000e8400000| Untracked 
| 133|0x00000000e8500000, 0x00000000e8500000, 0x00000000e8600000|  0%| F|  |TAMS 0x00000000e8500000, 0x00000000e8500000| Untracked 
| 134|0x00000000e8600000, 0x00000000e8600000, 0x00000000e8700000|  0%| F|  |TAMS 0x00000000e8600000, 0x00000000e8600000| Untracked 
| 135|0x00000000e8700000, 0x00000000e8700000, 0x00000000e8800000|  0%| F|  |TAMS 0x00000000e8700000, 0x00000000e8700000| Untracked 
| 136|0x00000000e8800000, 0x00000000e8800000, 0x00000000e8900000|  0%| F|  |TAMS 0x00000000e8800000, 0x00000000e8800000| Untracked 
| 137|0x00000000e8900000, 0x00000000e8900000, 0x00000000e8a00000|  0%| F|  |TAMS 0x00000000e8900000, 0x00000000e8900000| Untracked 
| 138|0x00000000e8a00000, 0x00000000e8a00000, 0x00000000e8b00000|  0%| F|  |TAMS 0x00000000e8a00000, 0x00000000e8a00000| Untracked 
| 139|0x00000000e8b00000, 0x00000000e8b00000, 0x00000000e8c00000|  0%| F|  |TAMS 0x00000000e8b00000, 0x00000000e8b00000| Untracked 
| 140|0x00000000e8c00000, 0x00000000e8c00000, 0x00000000e8d00000|  0%| F|  |TAMS 0x00000000e8c00000, 0x00000000e8c00000| Untracked 
| 141|0x00000000e8d00000, 0x00000000e8d00000, 0x00000000e8e00000|  0%| F|  |TAMS 0x00000000e8d00000, 0x00000000e8d00000| Untracked 
| 142|0x00000000e8e00000, 0x00000000e8e00000, 0x00000000e8f00000|  0%| F|  |TAMS 0x00000000e8e00000, 0x00000000e8e00000| Untracked 
| 143|0x00000000e8f00000, 0x00000000e8f00000, 0x00000000e9000000|  0%| F|  |TAMS 0x00000000e8f00000, 0x00000000e8f00000| Untracked 
| 144|0x00000000e9000000, 0x00000000e9000000, 0x00000000e9100000|  0%| F|  |TAMS 0x00000000e9000000, 0x00000000e9000000| Untracked 
| 145|0x00000000e9100000, 0x00000000e9100000, 0x00000000e9200000|  0%| F|  |TAMS 0x00000000e9100000, 0x00000000e9100000| Untracked 
| 146|0x00000000e9200000, 0x00000000e9200000, 0x00000000e9300000|  0%| F|  |TAMS 0x00000000e9200000, 0x00000000e9200000| Untracked 
| 147|0x00000000e9300000, 0x00000000e9300000, 0x00000000e9400000|  0%| F|  |TAMS 0x00000000e9300000, 0x00000000e9300000| Untracked 
| 148|0x00000000e9400000, 0x00000000e9400000, 0x00000000e9500000|  0%| F|  |TAMS 0x00000000e9400000, 0x00000000e9400000| Untracked 
| 149|0x00000000e9500000, 0x00000000e9500000, 0x00000000e9600000|  0%| F|  |TAMS 0x00000000e9500000, 0x00000000e9500000| Untracked 
| 150|0x00000000e9600000, 0x00000000e9600000, 0x00000000e9700000|  0%| F|  |TAMS 0x00000000e9600000, 0x00000000e9600000| Untracked 
| 151|0x00000000e9700000, 0x00000000e9700000, 0x00000000e9800000|  0%| F|  |TAMS 0x00000000e9700000, 0x00000000e9700000| Untracked 
| 152|0x00000000e9800000, 0x00000000e9800000, 0x00000000e9900000|  0%| F|  |TAMS 0x00000000e9800000, 0x00000000e9800000| Untracked 
| 153|0x00000000e9900000, 0x00000000e9900000, 0x00000000e9a00000|  0%| F|  |TAMS 0x00000000e9900000, 0x00000000e9900000| Untracked 
| 154|0x00000000e9a00000, 0x00000000e9a00000, 0x00000000e9b00000|  0%| F|  |TAMS 0x00000000e9a00000, 0x00000000e9a00000| Untracked 
| 155|0x00000000e9b00000, 0x00000000e9b00000, 0x00000000e9c00000|  0%| F|  |TAMS 0x00000000e9b00000, 0x00000000e9b00000| Untracked 
| 156|0x00000000e9c00000, 0x00000000e9c00000, 0x00000000e9d00000|  0%| F|  |TAMS 0x00000000e9c00000, 0x00000000e9c00000| Untracked 
| 157|0x00000000e9d00000, 0x00000000e9d00000, 0x00000000e9e00000|  0%| F|  |TAMS 0x00000000e9d00000, 0x00000000e9d00000| Untracked 
| 158|0x00000000e9e00000, 0x00000000e9e00000, 0x00000000e9f00000|  0%| F|  |TAMS 0x00000000e9e00000, 0x00000000e9e00000| Untracked 
| 159|0x00000000e9f00000, 0x00000000e9f00000, 0x00000000ea000000|  0%| F|  |TAMS 0x00000000e9f00000, 0x00000000e9f00000| Untracked 
| 160|0x00000000ea000000, 0x00000000ea000000, 0x00000000ea100000|  0%| F|  |TAMS 0x00000000ea000000, 0x00000000ea000000| Untracked 
| 161|0x00000000ea100000, 0x00000000ea100000, 0x00000000ea200000|  0%| F|  |TAMS 0x00000000ea100000, 0x00000000ea100000| Untracked 
| 162|0x00000000ea200000, 0x00000000ea200000, 0x00000000ea300000|  0%| F|  |TAMS 0x00000000ea200000, 0x00000000ea200000| Untracked 
| 163|0x00000000ea300000, 0x00000000ea300000, 0x00000000ea400000|  0%| F|  |TAMS 0x00000000ea300000, 0x00000000ea300000| Untracked 
| 164|0x00000000ea400000, 0x00000000ea500000, 0x00000000ea500000|100%| E|  |TAMS 0x00000000ea400000, 0x00000000ea400000| Complete 
| 165|0x00000000ea500000, 0x00000000ea600000, 0x00000000ea600000|100%| E|CS|TAMS 0x00000000ea500000, 0x00000000ea500000| Complete 
| 166|0x00000000ea600000, 0x00000000ea700000, 0x00000000ea700000|100%| E|CS|TAMS 0x00000000ea600000, 0x00000000ea600000| Complete 
| 167|0x00000000ea700000, 0x00000000ea800000, 0x00000000ea800000|100%| E|CS|TAMS 0x00000000ea700000, 0x00000000ea700000| Complete 
| 168|0x00000000ea800000, 0x00000000ea900000, 0x00000000ea900000|100%| E|CS|TAMS 0x00000000ea800000, 0x00000000ea800000| Complete 
| 169|0x00000000ea900000, 0x00000000eaa00000, 0x00000000eaa00000|100%| E|CS|TAMS 0x00000000ea900000, 0x00000000ea900000| Complete 
| 170|0x00000000eaa00000, 0x00000000eab00000, 0x00000000eab00000|100%| E|CS|TAMS 0x00000000eaa00000, 0x00000000eaa00000| Complete 
| 171|0x00000000eab00000, 0x00000000eac00000, 0x00000000eac00000|100%| E|CS|TAMS 0x00000000eab00000, 0x00000000eab00000| Complete 
| 172|0x00000000eac00000, 0x00000000ead00000, 0x00000000ead00000|100%| E|CS|TAMS 0x00000000eac00000, 0x00000000eac00000| Complete 
| 173|0x00000000ead00000, 0x00000000eae00000, 0x00000000eae00000|100%| E|CS|TAMS 0x00000000ead00000, 0x00000000ead00000| Complete 
| 174|0x00000000eae00000, 0x00000000eaf00000, 0x00000000eaf00000|100%| E|CS|TAMS 0x00000000eae00000, 0x00000000eae00000| Complete 
| 175|0x00000000eaf00000, 0x00000000eb000000, 0x00000000eb000000|100%| E|CS|TAMS 0x00000000eaf00000, 0x00000000eaf00000| Complete 
| 176|0x00000000eb000000, 0x00000000eb100000, 0x00000000eb100000|100%| E|CS|TAMS 0x00000000eb000000, 0x00000000eb000000| Complete 
| 177|0x00000000eb100000, 0x00000000eb200000, 0x00000000eb200000|100%| E|CS|TAMS 0x00000000eb100000, 0x00000000eb100000| Complete 
| 178|0x00000000eb200000, 0x00000000eb300000, 0x00000000eb300000|100%| E|CS|TAMS 0x00000000eb200000, 0x00000000eb200000| Complete 
| 179|0x00000000eb300000, 0x00000000eb400000, 0x00000000eb400000|100%| E|CS|TAMS 0x00000000eb300000, 0x00000000eb300000| Complete 
| 180|0x00000000eb400000, 0x00000000eb500000, 0x00000000eb500000|100%| E|CS|TAMS 0x00000000eb400000, 0x00000000eb400000| Complete 
| 181|0x00000000eb500000, 0x00000000eb600000, 0x00000000eb600000|100%| E|CS|TAMS 0x00000000eb500000, 0x00000000eb500000| Complete 
| 182|0x00000000eb600000, 0x00000000eb700000, 0x00000000eb700000|100%| E|CS|TAMS 0x00000000eb600000, 0x00000000eb600000| Complete 
| 183|0x00000000eb700000, 0x00000000eb800000, 0x00000000eb800000|100%| E|CS|TAMS 0x00000000eb700000, 0x00000000eb700000| Complete 
| 184|0x00000000eb800000, 0x00000000eb900000, 0x00000000eb900000|100%| E|CS|TAMS 0x00000000eb800000, 0x00000000eb800000| Complete 
| 185|0x00000000eb900000, 0x00000000eba00000, 0x00000000eba00000|100%| E|CS|TAMS 0x00000000eb900000, 0x00000000eb900000| Complete 
| 186|0x00000000eba00000, 0x00000000ebb00000, 0x00000000ebb00000|100%| E|CS|TAMS 0x00000000eba00000, 0x00000000eba00000| Complete 
| 187|0x00000000ebb00000, 0x00000000ebc00000, 0x00000000ebc00000|100%| E|CS|TAMS 0x00000000ebb00000, 0x00000000ebb00000| Complete 
| 188|0x00000000ebc00000, 0x00000000ebd00000, 0x00000000ebd00000|100%| E|CS|TAMS 0x00000000ebc00000, 0x00000000ebc00000| Complete 
| 189|0x00000000ebd00000, 0x00000000ebe00000, 0x00000000ebe00000|100%| E|CS|TAMS 0x00000000ebd00000, 0x00000000ebd00000| Complete 
| 190|0x00000000ebe00000, 0x00000000ebf00000, 0x00000000ebf00000|100%| E|CS|TAMS 0x00000000ebe00000, 0x00000000ebe00000| Complete 
| 191|0x00000000ebf00000, 0x00000000ec000000, 0x00000000ec000000|100%| E|CS|TAMS 0x00000000ebf00000, 0x00000000ebf00000| Complete 
| 192|0x00000000ec000000, 0x00000000ec100000, 0x00000000ec100000|100%| E|CS|TAMS 0x00000000ec000000, 0x00000000ec000000| Complete 
| 193|0x00000000ec100000, 0x00000000ec200000, 0x00000000ec200000|100%| E|CS|TAMS 0x00000000ec100000, 0x00000000ec100000| Complete 
| 194|0x00000000ec200000, 0x00000000ec300000, 0x00000000ec300000|100%| E|CS|TAMS 0x00000000ec200000, 0x00000000ec200000| Complete 
| 195|0x00000000ec300000, 0x00000000ec400000, 0x00000000ec400000|100%| E|CS|TAMS 0x00000000ec300000, 0x00000000ec300000| Complete 
| 196|0x00000000ec400000, 0x00000000ec500000, 0x00000000ec500000|100%| E|CS|TAMS 0x00000000ec400000, 0x00000000ec400000| Complete 
| 197|0x00000000ec500000, 0x00000000ec600000, 0x00000000ec600000|100%| E|CS|TAMS 0x00000000ec500000, 0x00000000ec500000| Complete 
| 198|0x00000000ec600000, 0x00000000ec700000, 0x00000000ec700000|100%| E|CS|TAMS 0x00000000ec600000, 0x00000000ec600000| Complete 
| 199|0x00000000ec700000, 0x00000000ec800000, 0x00000000ec800000|100%| E|CS|TAMS 0x00000000ec700000, 0x00000000ec700000| Complete 
| 200|0x00000000ec800000, 0x00000000ec900000, 0x00000000ec900000|100%| E|CS|TAMS 0x00000000ec800000, 0x00000000ec800000| Complete 
| 201|0x00000000ec900000, 0x00000000eca00000, 0x00000000eca00000|100%| E|CS|TAMS 0x00000000ec900000, 0x00000000ec900000| Complete 
| 202|0x00000000eca00000, 0x00000000ecb00000, 0x00000000ecb00000|100%| E|CS|TAMS 0x00000000eca00000, 0x00000000eca00000| Complete 
| 203|0x00000000ecb00000, 0x00000000ecc00000, 0x00000000ecc00000|100%| E|CS|TAMS 0x00000000ecb00000, 0x00000000ecb00000| Complete 
| 204|0x00000000ecc00000, 0x00000000ecd00000, 0x00000000ecd00000|100%| E|CS|TAMS 0x00000000ecc00000, 0x00000000ecc00000| Complete 
| 205|0x00000000ecd00000, 0x00000000ece00000, 0x00000000ece00000|100%| E|CS|TAMS 0x00000000ecd00000, 0x00000000ecd00000| Complete 
| 206|0x00000000ece00000, 0x00000000ecf00000, 0x00000000ecf00000|100%| E|CS|TAMS 0x00000000ece00000, 0x00000000ece00000| Complete 
| 207|0x00000000ecf00000, 0x00000000ed000000, 0x00000000ed000000|100%| E|CS|TAMS 0x00000000ecf00000, 0x00000000ecf00000| Complete 
| 208|0x00000000ed000000, 0x00000000ed100000, 0x00000000ed100000|100%| E|CS|TAMS 0x00000000ed000000, 0x00000000ed000000| Complete 
| 209|0x00000000ed100000, 0x00000000ed200000, 0x00000000ed200000|100%| E|CS|TAMS 0x00000000ed100000, 0x00000000ed100000| Complete 
| 210|0x00000000ed200000, 0x00000000ed300000, 0x00000000ed300000|100%| E|CS|TAMS 0x00000000ed200000, 0x00000000ed200000| Complete 
| 211|0x00000000ed300000, 0x00000000ed400000, 0x00000000ed400000|100%| E|CS|TAMS 0x00000000ed300000, 0x00000000ed300000| Complete 
| 212|0x00000000ed400000, 0x00000000ed500000, 0x00000000ed500000|100%| E|CS|TAMS 0x00000000ed400000, 0x00000000ed400000| Complete 
| 213|0x00000000ed500000, 0x00000000ed600000, 0x00000000ed600000|100%| E|CS|TAMS 0x00000000ed500000, 0x00000000ed500000| Complete 
| 214|0x00000000ed600000, 0x00000000ed700000, 0x00000000ed700000|100%| E|CS|TAMS 0x00000000ed600000, 0x00000000ed600000| Complete 
| 215|0x00000000ed700000, 0x00000000ed800000, 0x00000000ed800000|100%| E|CS|TAMS 0x00000000ed700000, 0x00000000ed700000| Complete 
| 216|0x00000000ed800000, 0x00000000ed900000, 0x00000000ed900000|100%| E|CS|TAMS 0x00000000ed800000, 0x00000000ed800000| Complete 
| 217|0x00000000ed900000, 0x00000000eda00000, 0x00000000eda00000|100%| E|CS|TAMS 0x00000000ed900000, 0x00000000ed900000| Complete 
| 218|0x00000000eda00000, 0x00000000edb00000, 0x00000000edb00000|100%| E|CS|TAMS 0x00000000eda00000, 0x00000000eda00000| Complete 
| 219|0x00000000edb00000, 0x00000000edc00000, 0x00000000edc00000|100%| E|CS|TAMS 0x00000000edb00000, 0x00000000edb00000| Complete 
| 220|0x00000000edc00000, 0x00000000edd00000, 0x00000000edd00000|100%| S|CS|TAMS 0x00000000edc00000, 0x00000000edc00000| Complete 
| 221|0x00000000edd00000, 0x00000000ede00000, 0x00000000ede00000|100%| S|CS|TAMS 0x00000000edd00000, 0x00000000edd00000| Complete 
| 222|0x00000000ede00000, 0x00000000edf00000, 0x00000000edf00000|100%| S|CS|TAMS 0x00000000ede00000, 0x00000000ede00000| Complete 
| 223|0x00000000edf00000, 0x00000000ee000000, 0x00000000ee000000|100%| S|CS|TAMS 0x00000000edf00000, 0x00000000edf00000| Complete 
| 224|0x00000000ee000000, 0x00000000ee100000, 0x00000000ee100000|100%| E|CS|TAMS 0x00000000ee000000, 0x00000000ee000000| Complete 
| 225|0x00000000ee100000, 0x00000000ee200000, 0x00000000ee200000|100%| E|CS|TAMS 0x00000000ee100000, 0x00000000ee100000| Complete 
| 226|0x00000000ee200000, 0x00000000ee300000, 0x00000000ee300000|100%| E|CS|TAMS 0x00000000ee200000, 0x00000000ee200000| Complete 
| 227|0x00000000ee300000, 0x00000000ee400000, 0x00000000ee400000|100%| E|CS|TAMS 0x00000000ee300000, 0x00000000ee300000| Complete 
| 228|0x00000000ee400000, 0x00000000ee500000, 0x00000000ee500000|100%| E|CS|TAMS 0x00000000ee400000, 0x00000000ee400000| Complete 
| 229|0x00000000ee500000, 0x00000000ee600000, 0x00000000ee600000|100%| E|CS|TAMS 0x00000000ee500000, 0x00000000ee500000| Complete 
| 230|0x00000000ee600000, 0x00000000ee700000, 0x00000000ee700000|100%| E|CS|TAMS 0x00000000ee600000, 0x00000000ee600000| Complete 
| 231|0x00000000ee700000, 0x00000000ee800000, 0x00000000ee800000|100%| E|CS|TAMS 0x00000000ee700000, 0x00000000ee700000| Complete 
| 232|0x00000000ee800000, 0x00000000ee900000, 0x00000000ee900000|100%| E|CS|TAMS 0x00000000ee800000, 0x00000000ee800000| Complete 
| 233|0x00000000ee900000, 0x00000000eea00000, 0x00000000eea00000|100%| E|CS|TAMS 0x00000000ee900000, 0x00000000ee900000| Complete 
| 234|0x00000000eea00000, 0x00000000eeb00000, 0x00000000eeb00000|100%| E|CS|TAMS 0x00000000eea00000, 0x00000000eea00000| Complete 
| 235|0x00000000eeb00000, 0x00000000eec00000, 0x00000000eec00000|100%| E|CS|TAMS 0x00000000eeb00000, 0x00000000eeb00000| Complete 
| 236|0x00000000eec00000, 0x00000000eed00000, 0x00000000eed00000|100%| E|CS|TAMS 0x00000000eec00000, 0x00000000eec00000| Complete 
| 237|0x00000000eed00000, 0x00000000eee00000, 0x00000000eee00000|100%| E|CS|TAMS 0x00000000eed00000, 0x00000000eed00000| Complete 
| 238|0x00000000eee00000, 0x00000000eef00000, 0x00000000eef00000|100%| E|CS|TAMS 0x00000000eee00000, 0x00000000eee00000| Complete 
| 239|0x00000000eef00000, 0x00000000ef000000, 0x00000000ef000000|100%| E|CS|TAMS 0x00000000eef00000, 0x00000000eef00000| Complete 
| 240|0x00000000ef000000, 0x00000000ef100000, 0x00000000ef100000|100%| E|CS|TAMS 0x00000000ef000000, 0x00000000ef000000| Complete 
| 241|0x00000000ef100000, 0x00000000ef200000, 0x00000000ef200000|100%| E|CS|TAMS 0x00000000ef100000, 0x00000000ef100000| Complete 
| 242|0x00000000ef200000, 0x00000000ef300000, 0x00000000ef300000|100%| E|CS|TAMS 0x00000000ef200000, 0x00000000ef200000| Complete 
| 243|0x00000000ef300000, 0x00000000ef400000, 0x00000000ef400000|100%| E|CS|TAMS 0x00000000ef300000, 0x00000000ef300000| Complete 
| 244|0x00000000ef400000, 0x00000000ef500000, 0x00000000ef500000|100%| E|CS|TAMS 0x00000000ef400000, 0x00000000ef400000| Complete 
| 245|0x00000000ef500000, 0x00000000ef600000, 0x00000000ef600000|100%| E|CS|TAMS 0x00000000ef500000, 0x00000000ef500000| Complete 
| 246|0x00000000ef600000, 0x00000000ef700000, 0x00000000ef700000|100%| E|CS|TAMS 0x00000000ef600000, 0x00000000ef600000| Complete 
| 247|0x00000000ef700000, 0x00000000ef800000, 0x00000000ef800000|100%| E|CS|TAMS 0x00000000ef700000, 0x00000000ef700000| Complete 
| 248|0x00000000ef800000, 0x00000000ef900000, 0x00000000ef900000|100%| E|CS|TAMS 0x00000000ef800000, 0x00000000ef800000| Complete 
| 249|0x00000000ef900000, 0x00000000efa00000, 0x00000000efa00000|100%| E|CS|TAMS 0x00000000ef900000, 0x00000000ef900000| Complete 
| 250|0x00000000efa00000, 0x00000000efb00000, 0x00000000efb00000|100%| E|CS|TAMS 0x00000000efa00000, 0x00000000efa00000| Complete 
| 251|0x00000000efb00000, 0x00000000efc00000, 0x00000000efc00000|100%| E|CS|TAMS 0x00000000efb00000, 0x00000000efb00000| Complete 
| 252|0x00000000efc00000, 0x00000000efd00000, 0x00000000efd00000|100%| E|CS|TAMS 0x00000000efc00000, 0x00000000efc00000| Complete 
| 253|0x00000000efd00000, 0x00000000efe00000, 0x00000000efe00000|100%| E|CS|TAMS 0x00000000efd00000, 0x00000000efd00000| Complete 
| 254|0x00000000efe00000, 0x00000000eff00000, 0x00000000eff00000|100%| E|CS|TAMS 0x00000000efe00000, 0x00000000efe00000| Complete 
| 255|0x00000000eff00000, 0x00000000f0000000, 0x00000000f0000000|100%| E|CS|TAMS 0x00000000eff00000, 0x00000000eff00000| Complete 

Card table byte_map: [0x00000225af880000,0x00000225af980000] _byte_map_base: 0x00000225af180000

Marking Bits (Prev, Next): (CMBitMap*) 0x0000022597cca918, (CMBitMap*) 0x0000022597cca958
 Prev Bits: [0x00000225afa80000, 0x00000225b0280000)
 Next Bits: [0x00000225b0280000, 0x00000225b0a80000)

Polling page: 0x0000022595b40000

Metaspace:

Usage:
  Non-class:     13.36 MB capacity,    12.99 MB ( 97%) used,   337.66 KB (  2%) free+waste,    36.75 KB ( <1%) overhead. 
      Class:      2.45 MB capacity,     2.25 MB ( 92%) used,   181.97 KB (  7%) free+waste,    20.81 KB ( <1%) overhead. 
       Both:     15.80 MB capacity,    15.24 MB ( 96%) used,   519.63 KB (  3%) free+waste,    57.56 KB ( <1%) overhead. 

Virtual space:
  Non-class space:       14.00 MB reserved,      13.50 MB ( 96%) committed 
      Class space:      248.00 MB reserved,       2.50 MB (  1%) committed 
             Both:      262.00 MB reserved,      16.00 MB (  6%) committed 

Chunk freelists:
   Non-Class:  16.00 KB
       Class:  23.00 KB
        Both:  39.00 KB

MaxMetaspaceSize: 256.00 MB
CompressedClassSpaceSize: 248.00 MB

CodeHeap 'non-profiled nmethods': size=120000Kb used=1031Kb max_used=1031Kb free=118968Kb
 bounds [0x00000225a7f20000, 0x00000225a8190000, 0x00000225af450000]
CodeHeap 'profiled nmethods': size=120000Kb used=4370Kb max_used=4370Kb free=115629Kb
 bounds [0x00000225a09f0000, 0x00000225a0e40000, 0x00000225a7f20000]
CodeHeap 'non-nmethods': size=5760Kb used=1230Kb max_used=1248Kb free=4529Kb
 bounds [0x00000225a0450000, 0x00000225a06c0000, 0x00000225a09f0000]
 total_blobs=3273 nmethods=1996 adapters=409
 compilation: enabled
              stopped_count=0, restarted_count=0
 full_count=0

Compilation events (20 events):
Event: 4.438 Thread 0x00000225b34dd800 1972       3       org.objectweb.asm.Frame::pop (44 bytes)
Event: 4.439 Thread 0x00000225b34dd800 nmethod 1972 0x00000225a0e27e10 code [0x00000225a0e27fa0, 0x00000225a0e28138]
Event: 4.439 Thread 0x00000225b34dd800 1973       3       org.objectweb.asm.Frame::getLocal (46 bytes)
Event: 4.439 Thread 0x00000225b34dd800 nmethod 1973 0x00000225a0e28210 code [0x00000225a0e283a0, 0x00000225a0e285b8]
Event: 4.457 Thread 0x00000225b34dd800 1974       3       org.objectweb.asm.Frame::pop (42 bytes)
Event: 4.458 Thread 0x00000225b34dd800 nmethod 1974 0x00000225a0e28690 code [0x00000225a0e28820, 0x00000225a0e289d8]
Event: 4.458 Thread 0x00000225b34dd800 1975       3       org.objectweb.asm.Type::getInternalName (16 bytes)
Event: 4.458 Thread 0x00000225b34dd800 nmethod 1975 0x00000225a0e28a90 code [0x00000225a0e28c40, 0x00000225a0e28da8]
Event: 4.458 Thread 0x00000225b34dd800 1976       3       org.objectweb.asm.MethodWriter::visitVarInsn (302 bytes)
Event: 4.459 Thread 0x00000225b34dd800 nmethod 1976 0x00000225a0e28e90 code [0x00000225a0e290e0, 0x00000225a0e29b28]
Event: 4.485 Thread 0x00000225b34dd800 1978       3       org.objectweb.asm.ByteVector::putShort (52 bytes)
Event: 4.486 Thread 0x00000225b34dd800 nmethod 1978 0x00000225a0e29e10 code [0x00000225a0e29fc0, 0x00000225a0e2a1e8]
Event: 4.488 Thread 0x00000225b4c2c800 1878   !   4       java.util.concurrent.ConcurrentHashMap::putVal (432 bytes)
Event: 4.541 Thread 0x00000225b4c2c800 nmethod 1878 0x00000225a801e190 code [0x00000225a801e4e0, 0x00000225a801fd70]
Event: 4.559 Thread 0x00000225b34dd800 1979       1       org.objectweb.asm.SymbolTable::getMajorVersion (5 bytes)
Event: 4.559 Thread 0x00000225b34dd800 nmethod 1979 0x00000225a8020a10 code [0x00000225a8020ba0, 0x00000225a8020c78]
Event: 4.561 Thread 0x00000225b34dd800 1980       3       jdk.internal.org.objectweb.asm.ClassReader::readUnsignedShort (26 bytes)
Event: 4.562 Thread 0x00000225b34dd800 nmethod 1980 0x00000225a0e2a310 code [0x00000225a0e2a4a0, 0x00000225a0e2a618]
Event: 4.565 Thread 0x00000225b4c2c800 1981       4       java.security.AccessController::checkContext (49 bytes)
Event: 4.566 Thread 0x00000225b4c2c800 nmethod 1981 0x00000225a8020d10 code [0x00000225a8020ea0, 0x00000225a8020f38]

GC Heap History (4 events):
Event: 1.168 GC heap before
{Heap before GC invocations=0 (full 0):
 garbage-first heap   total 262144K, used 28672K [0x00000000e0000000, 0x0000000100000000)
  region size 1024K, 23 young (23552K), 0 survivors (0K)
 Metaspace       used 3483K, capacity 6410K, committed 6656K, reserved 262144K
  class space    used 451K, capacity 754K, committed 768K, reserved 253952K
}
Event: 1.176 GC heap after
{Heap after GC invocations=1 (full 0):
 garbage-first heap   total 262144K, used 8555K [0x00000000e0000000, 0x0000000100000000)
  region size 1024K, 3 young (3072K), 3 survivors (3072K)
 Metaspace       used 3483K, capacity 6410K, committed 6656K, reserved 262144K
  class space    used 451K, capacity 754K, committed 768K, reserved 253952K
}
Event: 1.874 GC heap before
{Heap before GC invocations=1 (full 0):
 garbage-first heap   total 262144K, used 37227K [0x00000000e0000000, 0x0000000100000000)
  region size 1024K, 32 young (32768K), 3 survivors (3072K)
 Metaspace       used 4050K, capacity 6659K, committed 6784K, reserved 262144K
  class space    used 502K, capacity 794K, committed 896K, reserved 253952K
}
Event: 1.878 GC heap after
{Heap after GC invocations=2 (full 0):
 garbage-first heap   total 262144K, used 13114K [0x00000000e0000000, 0x0000000100000000)
  region size 1024K, 4 young (4096K), 4 survivors (4096K)
 Metaspace       used 4050K, capacity 6659K, committed 6784K, reserved 262144K
  class space    used 502K, capacity 794K, committed 896K, reserved 253952K
}

Deoptimization events (20 events):
Event: 4.138 Thread 0x00000225b5712800 Uncommon trap: trap_request=0xffffff45 fr.pc=0x00000225a7f80268 relative=0x0000000000000c48
Event: 4.138 Thread 0x00000225b5712800 Uncommon trap: reason=unstable_if action=reinterpret pc=0x00000225a7f80268 method=java.io.WinNTFileSystem.resolve(Ljava/lang/String;Ljava/lang/String;)Ljava/lang/String; @ 156 c2
Event: 4.138 Thread 0x00000225b5712800 DEOPT PACKING pc=0x00000225a7f80268 sp=0x0000009ac1cfbbd0
Event: 4.138 Thread 0x00000225b5712800 DEOPT UNPACKING pc=0x00000225a049912f sp=0x0000009ac1cfbb60 mode 2
Event: 4.234 Thread 0x00000225b5712800 Uncommon trap: trap_request=0xffffff45 fr.pc=0x00000225a801b108 relative=0x0000000000000368
Event: 4.234 Thread 0x00000225b5712800 Uncommon trap: reason=unstable_if action=reinterpret pc=0x00000225a801b108 method=java.util.HashMap.getNode(ILjava/lang/Object;)Ljava/util/HashMap$Node; @ 62 c2
Event: 4.234 Thread 0x00000225b5712800 DEOPT PACKING pc=0x00000225a801b108 sp=0x0000009ac1cfcda0
Event: 4.234 Thread 0x00000225b5712800 DEOPT UNPACKING pc=0x00000225a049912f sp=0x0000009ac1cfccc0 mode 2
Event: 4.234 Thread 0x00000225b5712800 Uncommon trap: trap_request=0xffffff45 fr.pc=0x00000225a7f63108 relative=0x00000000000001e8
Event: 4.234 Thread 0x00000225b5712800 Uncommon trap: reason=unstable_if action=reinterpret pc=0x00000225a7f63108 method=java.util.HashMap.getNode(ILjava/lang/Object;)Ljava/util/HashMap$Node; @ 62 c2
Event: 4.234 Thread 0x00000225b5712800 DEOPT PACKING pc=0x00000225a7f63108 sp=0x0000009ac1cfcd20
Event: 4.234 Thread 0x00000225b5712800 DEOPT UNPACKING pc=0x00000225a049912f sp=0x0000009ac1cfccb8 mode 2
Event: 4.297 Thread 0x00000225b5712800 Uncommon trap: trap_request=0xffffff45 fr.pc=0x00000225a7f8718c relative=0x000000000000006c
Event: 4.297 Thread 0x00000225b5712800 Uncommon trap: reason=unstable_if action=reinterpret pc=0x00000225a7f8718c method=java.util.LinkedHashMap.afterNodeInsertion(Z)V @ 1 c2
Event: 4.297 Thread 0x00000225b5712800 DEOPT PACKING pc=0x00000225a7f8718c sp=0x0000009ac1cfc9e0
Event: 4.297 Thread 0x00000225b5712800 DEOPT UNPACKING pc=0x00000225a049912f sp=0x0000009ac1cfc960 mode 2
Event: 4.301 Thread 0x00000225b5712800 Uncommon trap: trap_request=0xffffff45 fr.pc=0x00000225a7ff930c relative=0x00000000000003ec
Event: 4.301 Thread 0x00000225b5712800 Uncommon trap: reason=unstable_if action=reinterpret pc=0x00000225a7ff930c method=java.util.concurrent.ConcurrentHashMap.get(Ljava/lang/Object;)Ljava/lang/Object; @ 76 c2
Event: 4.302 Thread 0x00000225b5712800 DEOPT PACKING pc=0x00000225a7ff930c sp=0x0000009ac1cfc2c0
Event: 4.302 Thread 0x00000225b5712800 DEOPT UNPACKING pc=0x00000225a049912f sp=0x0000009ac1cfc238 mode 2

Classes unloaded (0 events):
No events

Classes redefined (0 events):
No events

Internal exceptions (20 events):
Event: 3.031 Thread 0x00000225b5712800 Exception <a 'java/lang/NoSuchMethodError'{0x00000000ee08aec0}: 'void java.lang.invoke.DirectMethodHandle$Holder.invokeSpecial(java.lang.Object, java.lang.Object, java.lang.Object, java.lang.Object, java.lang.Object)'> (0x00000000ee08aec0) 
thrown [./open/src/hotspot/share/interpreter/linkResolver.cpp, line 766]
Event: 3.031 Thread 0x00000225b5712800 Exception <a 'java/lang/NoSuchMethodError'{0x00000000ee08e310}: 'void java.lang.invoke.DelegatingMethodHandle$Holder.reinvoke_L(java.lang.Object, java.lang.Object, java.lang.Object, java.lang.Object)'> (0x00000000ee08e310) 
thrown [./open/src/hotspot/share/interpreter/linkResolver.cpp, line 766]
Event: 3.032 Thread 0x00000225b5712800 Exception <a 'java/lang/NoSuchMethodError'{0x00000000ee093728}: 'java.lang.Object java.lang.invoke.Invokers$Holder.invoker(java.lang.Object, java.lang.Object, java.lang.Object, java.lang.Object)'> (0x00000000ee093728) 
thrown [./open/src/hotspot/share/interpreter/linkResolver.cpp, line 766]
Event: 3.039 Thread 0x00000225b5712800 Exception <a 'java/lang/NoSuchMethodError'{0x00000000ee0bf6b0}: 'long java.lang.invoke.DirectMethodHandle$Holder.invokeInterface(java.lang.Object, java.lang.Object)'> (0x00000000ee0bf6b0) 
thrown [./open/src/hotspot/share/interpreter/linkResolver.cpp, line 766]
Event: 3.043 Thread 0x00000225b5712800 Exception <a 'java/lang/NoSuchMethodError'{0x00000000ee0df818}: 'void java.lang.invoke.DelegatingMethodHandle$Holder.reinvoke_L(java.lang.Object, java.lang.Object, java.lang.Object, java.lang.Object, java.lang.Object, java.lang.Object, java.lang.Object)'> (0x00000000ee0df818) 
thrown [./open/src/hotspot/share/interpreter/linkResolver.cpp, line 766]
Event: 3.328 Thread 0x00000225b5712800 Exception <a 'java/lang/NoSuchMethodError'{0x00000000ecddd1e0}: 'java.lang.Object java.lang.invoke.DirectMethodHandle$Holder.invokeVirtual(java.lang.Object, java.lang.Object, java.lang.Object)'> (0x00000000ecddd1e0) 
thrown [./open/src/hotspot/share/interpreter/linkResolver.cpp, line 766]
Event: 3.410 Thread 0x00000225b5712800 Exception <a 'java/lang/NoSuchMethodError'{0x00000000ec9f7480}: 'void java.lang.invoke.DirectMethodHandle$Holder.invokeStaticInit(java.lang.Object)'> (0x00000000ec9f7480) 
thrown [./open/src/hotspot/share/interpreter/linkResolver.cpp, line 766]
Event: 3.473 Thread 0x00000225b5712800 Exception <a 'java/lang/NoSuchMethodError'{0x00000000ec6631c0}: 'java.lang.Object java.lang.invoke.DirectMethodHandle$Holder.invokeStatic(java.lang.Object, java.lang.Object, java.lang.Object, int)'> (0x00000000ec6631c0) 
thrown [./open/src/hotspot/share/interpreter/linkResolver.cpp, line 766]
Event: 3.474 Thread 0x00000225b5712800 Exception <a 'java/lang/NoSuchMethodError'{0x00000000ec666f20}: 'java.lang.Object java.lang.invoke.DirectMethodHandle$Holder.invokeSpecial(java.lang.Object, java.lang.Object, java.lang.Object, java.lang.Object, int)'> (0x00000000ec666f20) 
thrown [./open/src/hotspot/share/interpreter/linkResolver.cpp, line 766]
Event: 3.474 Thread 0x00000225b5712800 Exception <a 'java/lang/NoSuchMethodError'{0x00000000ec66a530}: 'java.lang.Object java.lang.invoke.Invokers$Holder.linkToTargetMethod(java.lang.Object, java.lang.Object, int, java.lang.Object)'> (0x00000000ec66a530) 
thrown [./open/src/hotspot/share/interpreter/linkResolver.cpp, line 766]
Event: 3.647 Thread 0x00000225b5712800 Exception <a 'java/lang/NoSuchMethodError'{0x00000000ec166880}: 'int java.lang.invoke.DirectMethodHandle$Holder.invokeSpecialIFC(java.lang.Object, java.lang.Object, java.lang.Object, java.lang.Object)'> (0x00000000ec166880) 
thrown [./open/src/hotspot/share/interpreter/linkResolver.cpp, line 766]
Event: 3.650 Thread 0x00000225b5712800 Exception <a 'java/lang/NoSuchMethodError'{0x00000000ec173c50}: 'java.lang.Object java.lang.invoke.DirectMethodHandle$Holder.invokeInterface(java.lang.Object, java.lang.Object, java.lang.Object)'> (0x00000000ec173c50) 
thrown [./open/src/hotspot/share/interpreter/linkResolver.cpp, line 766]
Event: 3.650 Thread 0x00000225b5712800 Exception <a 'java/lang/IncompatibleClassChangeError'{0x00000000ec176e00}: Found class java.lang.Object, but interface was expected> (0x00000000ec176e00) 
thrown [./open/src/hotspot/share/interpreter/linkResolver.cpp, line 832]
Event: 3.735 Thread 0x00000225b5712800 Exception <a 'java/lang/NoSuchMethodError'{0x00000000ebe087b8}: 'java.lang.Object java.lang.invoke.Invokers$Holder.invokeExact_MT(java.lang.Object, java.lang.Object, java.lang.Object, java.lang.Object, java.lang.Object, java.lang.Object)'> (0x00000000ebe087b8) 
thrown [./open/src/hotspot/share/interpreter/linkResolver.cpp, line 766]
Event: 3.812 Thread 0x00000225b5712800 Exception <a 'java/lang/NoSuchMethodError'{0x00000000ebc47718}: 'void java.lang.invoke.DirectMethodHandle$Holder.invokeSpecial(java.lang.Object, java.lang.Object)'> (0x00000000ebc47718) 
thrown [./open/src/hotspot/share/interpreter/linkResolver.cpp, line 766]
Event: 4.106 Thread 0x00000225b5712800 Exception <a 'java/lang/NoSuchMethodError'{0x00000000eb008fa0}: 'java.lang.Object java.lang.invoke.DirectMethodHandle$Holder.invokeVirtual(java.lang.Object, java.lang.Object, java.lang.Object, java.lang.Object)'> (0x00000000eb008fa0) 
thrown [./open/src/hotspot/share/interpreter/linkResolver.cpp, line 766]
Event: 4.151 Thread 0x00000225b5712800 Exception <a 'java/lang/NoSuchMethodError'{0x00000000eadbc180}: 'java.lang.Object java.lang.invoke.Invokers$Holder.invoker(java.lang.Object, java.lang.Object, java.lang.Object, java.lang.Object, java.lang.Object)'> (0x00000000eadbc180) 
thrown [./open/src/hotspot/share/interpreter/linkResolver.cpp, line 766]
Event: 4.384 Thread 0x00000225b5712800 Exception <a 'java/lang/NoSuchMethodError'{0x00000000ea9ad708}: 'void java.lang.invoke.DirectMethodHandle$Holder.invokeSpecial(java.lang.Object, java.lang.Object, java.lang.Object, java.lang.Object, java.lang.Object, java.lang.Object)'> (0x00000000ea9ad708) 
thrown [./open/src/hotspot/share/interpreter/linkResolver.cpp, line 766]
Event: 4.428 Thread 0x00000225b5712800 Exception <a 'java/lang/NoSuchMethodError'{0x00000000ea80fd50}: 'void java.lang.invoke.DirectMethodHandle$Holder.invokeSpecial(java.lang.Object, java.lang.Object, java.lang.Object, java.lang.Object, java.lang.Object, java.lang.Object, java.lang.Object)'> (0x00000000ea80fd50) 
thrown [./open/src/hotspot/share/interpreter/linkResolver.cpp, line 766]
Event: 4.429 Thread 0x00000225b5712800 Exception <a 'java/lang/NoSuchMethodError'{0x00000000ea8177b8}: 'java.lang.Object java.lang.invoke.Invokers$Holder.linkToTargetMethod(java.lang.Object, java.lang.Object, java.lang.Object, java.lang.Object, java.lang.Object, java.lang.Object)'> (0x00000000ea8177b8) 
thrown [./open/src/hotspot/share/interpreter/linkResolver.cpp, line 766]

Events (20 events):
Event: 4.242 loading class sun/reflect/generics/tree/Wildcard done
Event: 4.242 loading class sun/reflect/generics/reflectiveObjects/WildcardTypeImpl
Event: 4.242 loading class sun/reflect/generics/reflectiveObjects/WildcardTypeImpl done
Event: 4.245 loading class java/lang/annotation/ElementType
Event: 4.245 loading class java/lang/annotation/ElementType done
Event: 4.290 loading class java/lang/Deprecated
Event: 4.291 loading class java/lang/Deprecated done
Event: 4.299 loading class jdk/internal/HotSpotIntrinsicCandidate
Event: 4.299 loading class jdk/internal/HotSpotIntrinsicCandidate done
Event: 4.300 loading class java/lang/module/ModuleDescriptor$Builder
Event: 4.300 loading class java/lang/module/ModuleDescriptor$Builder done
Event: 4.329 loading class java/lang/TypeNotPresentException
Event: 4.329 loading class java/lang/TypeNotPresentException done
Event: 4.384 Executing VM operation: HandshakeOneThread
Event: 4.384 Executing VM operation: HandshakeOneThread done
Event: 4.424 loading class java/util/ConcurrentModificationException
Event: 4.424 loading class java/util/ConcurrentModificationException done
Event: 4.487 Thread 0x00000225b4c2c800 Thread added: 0x00000225b4c2c800
Event: 4.559 loading class jdk/internal/org/objectweb/asm/ClassReader
Event: 4.561 loading class jdk/internal/org/objectweb/asm/ClassReader done


Dynamic libraries:
0x00007ff740e20000 - 0x00007ff740e2f000 	C:\Program Files\Java\jdk-14.0.1\bin\java.exe
0x00007ffc8a430000 - 0x00007ffc8a625000 	C:\WINDOWS\SYSTEM32\ntdll.dll
0x00007ffc89940000 - 0x00007ffc899fd000 	C:\WINDOWS\System32\KERNEL32.DLL
0x00007ffc87d10000 - 0x00007ffc87fd9000 	C:\WINDOWS\System32\KERNELBASE.dll
0x00007ffc880c0000 - 0x00007ffc881c0000 	C:\WINDOWS\System32\ucrtbase.dll
0x00007ffc600d0000 - 0x00007ffc600e8000 	C:\Program Files\Java\jdk-14.0.1\bin\jli.dll
0x00007ffc51c50000 - 0x00007ffc51c65000 	C:\Program Files\Java\jdk-14.0.1\bin\VCRUNTIME140.dll
0x00007ffc89750000 - 0x00007ffc897fc000 	C:\WINDOWS\System32\ADVAPI32.dll
0x00007ffc89d10000 - 0x00007ffc89dae000 	C:\WINDOWS\System32\msvcrt.dll
0x00007ffc89ed0000 - 0x00007ffc89f6b000 	C:\WINDOWS\System32\sechost.dll
0x00007ffc88d10000 - 0x00007ffc88e3a000 	C:\WINDOWS\System32\RPCRT4.dll
0x00007ffc89ac0000 - 0x00007ffc89c60000 	C:\WINDOWS\System32\USER32.dll
0x00007ffc73c50000 - 0x00007ffc73eea000 	C:\WINDOWS\WinSxS\amd64_microsoft.windows.common-controls_6595b64144ccf1df_6.0.19041.1110_none_60b5254171f9507e\COMCTL32.dll
0x00007ffc87c50000 - 0x00007ffc87c72000 	C:\WINDOWS\System32\win32u.dll
0x00007ffc88ce0000 - 0x00007ffc88d0a000 	C:\WINDOWS\System32\GDI32.dll
0x00007ffc88380000 - 0x00007ffc8848b000 	C:\WINDOWS\System32\gdi32full.dll
0x00007ffc87b60000 - 0x00007ffc87bfd000 	C:\WINDOWS\System32\msvcp_win.dll
0x00007ffc81940000 - 0x00007ffc8194a000 	C:\WINDOWS\SYSTEM32\VERSION.dll
0x00007ffc89f70000 - 0x00007ffc89fa0000 	C:\WINDOWS\System32\IMM32.DLL
0x00007ffc23470000 - 0x00007ffc2350b000 	C:\Program Files\Java\jdk-14.0.1\bin\msvcp140.dll
0x00007ffc14500000 - 0x00007ffc1501e000 	C:\Program Files\Java\jdk-14.0.1\bin\server\jvm.dll
0x00007ffc89fa0000 - 0x00007ffc89fa8000 	C:\WINDOWS\System32\PSAPI.DLL
0x00007ffc6cd40000 - 0x00007ffc6cd49000 	C:\WINDOWS\SYSTEM32\WSOCK32.dll
0x00007ffc72e10000 - 0x00007ffc72e37000 	C:\WINDOWS\SYSTEM32\WINMM.dll
0x00007ffc896e0000 - 0x00007ffc8974b000 	C:\WINDOWS\System32\WS2_32.dll
0x00007ffc85a50000 - 0x00007ffc85a62000 	C:\WINDOWS\SYSTEM32\kernel.appcore.dll
0x00007ffc834c0000 - 0x00007ffc834ca000 	C:\Program Files\Java\jdk-14.0.1\bin\jimage.dll
0x00007ffc76a40000 - 0x00007ffc76c24000 	C:\WINDOWS\SYSTEM32\DBGHELP.DLL
0x00007ffc71f10000 - 0x00007ffc71f3c000 	C:\WINDOWS\SYSTEM32\dbgcore.DLL
0x00007ffc87c80000 - 0x00007ffc87d03000 	C:\WINDOWS\System32\bcryptPrimitives.dll
0x00007ffc4d3d0000 - 0x00007ffc4d3f5000 	C:\Program Files\Java\jdk-14.0.1\bin\java.dll
0x00007ffc4ead0000 - 0x00007ffc4eae6000 	C:\Program Files\Java\jdk-14.0.1\bin\zip.dll
0x00007ffc88490000 - 0x00007ffc88bcf000 	C:\WINDOWS\System32\SHELL32.dll
0x00007ffc85c50000 - 0x00007ffc863e0000 	C:\WINDOWS\SYSTEM32\windows.storage.dll
0x00007ffc8a090000 - 0x00007ffc8a3e5000 	C:\WINDOWS\System32\combase.dll
0x00007ffc875c0000 - 0x00007ffc875ec000 	C:\WINDOWS\SYSTEM32\Wldp.dll
0x00007ffc89c60000 - 0x00007ffc89d0e000 	C:\WINDOWS\System32\SHCORE.dll
0x00007ffc89a00000 - 0x00007ffc89a55000 	C:\WINDOWS\System32\shlwapi.dll
0x00007ffc87aa0000 - 0x00007ffc87abf000 	C:\WINDOWS\SYSTEM32\profapi.dll
0x00007ffc4d600000 - 0x00007ffc4d619000 	C:\Program Files\Java\jdk-14.0.1\bin\net.dll
0x00007ffc78560000 - 0x00007ffc78668000 	C:\WINDOWS\SYSTEM32\WINHTTP.dll
0x00007ffc87320000 - 0x00007ffc8738a000 	C:\WINDOWS\system32\mswsock.dll
0x00007ffc4c730000 - 0x00007ffc4c742000 	C:\Program Files\Java\jdk-14.0.1\bin\nio.dll
0x00007ffc688d0000 - 0x00007ffc688e0000 	C:\Program Files\Java\jdk-14.0.1\bin\verify.dll
0x00007ffc61ef0000 - 0x00007ffc61f17000 	C:\Users\Arta\.gradle\native\fdc75f09e3144964f2cf3f50f0aa648679c211496f362492102eb8c894070792\windows-amd64\native-platform.dll
0x00007ffc24370000 - 0x00007ffc24506000 	C:\Users\Arta\.gradle\native\12488b8bf47d2d4c9fbf2f6322a914ad602e24e48041cd04a747c6da556b65c4\windows-amd64\native-platform-file-events.dll
0x00007ffc66870000 - 0x00007ffc66879000 	C:\Program Files\Java\jdk-14.0.1\bin\management.dll
0x00007ffc66380000 - 0x00007ffc6638b000 	C:\Program Files\Java\jdk-14.0.1\bin\management_ext.dll
0x00007ffc87520000 - 0x00007ffc87538000 	C:\WINDOWS\SYSTEM32\CRYPTSP.dll
0x00007ffc86c30000 - 0x00007ffc86c64000 	C:\WINDOWS\system32\rsaenh.dll
0x00007ffc88090000 - 0x00007ffc880b7000 	C:\WINDOWS\System32\bcrypt.dll
0x00007ffc87a60000 - 0x00007ffc87a8e000 	C:\WINDOWS\SYSTEM32\USERENV.dll
0x00007ffc87510000 - 0x00007ffc8751c000 	C:\WINDOWS\SYSTEM32\CRYPTBASE.dll
0x00007ffc86fc0000 - 0x00007ffc86ffb000 	C:\WINDOWS\SYSTEM32\IPHLPAPI.DLL
0x00007ffc89930000 - 0x00007ffc89938000 	C:\WINDOWS\System32\NSI.dll
0x00007ffc800a0000 - 0x00007ffc800b7000 	C:\WINDOWS\SYSTEM32\dhcpcsvc6.DLL
0x00007ffc80620000 - 0x00007ffc8063d000 	C:\WINDOWS\SYSTEM32\dhcpcsvc.DLL
0x00007ffc87000000 - 0x00007ffc870cc000 	C:\WINDOWS\SYSTEM32\DNSAPI.dll
0x00007ffc81970000 - 0x00007ffc8197b000 	C:\WINDOWS\SYSTEM32\WINNSI.DLL

dbghelp: loaded successfully - version: 4.0.5 - missing functions: none
symbol engine: initialized successfully - sym options: 0x614 - pdb path: .;C:\Program Files\Java\jdk-14.0.1\bin;C:\WINDOWS\SYSTEM32;C:\WINDOWS\WinSxS\amd64_microsoft.windows.common-controls_6595b64144ccf1df_6.0.19041.1110_none_60b5254171f9507e;C:\Program Files\Java\jdk-14.0.1\bin\server;C:\Users\Arta\.gradle\native\fdc75f09e3144964f2cf3f50f0aa648679c211496f362492102eb8c894070792\windows-amd64;C:\Users\Arta\.gradle\native\12488b8bf47d2d4c9fbf2f6322a914ad602e24e48041cd04a747c6da556b65c4\windows-amd64

VM Arguments:
jvm_args: --add-opens=java.base/java.util=ALL-UNNAMED --add-opens=java.base/java.lang=ALL-UNNAMED --add-opens=java.base/java.lang.invoke=ALL-UNNAMED --add-opens=java.prefs/java.util.prefs=ALL-UNNAMED -XX:MaxMetaspaceSize=256m -XX:+HeapDumpOnOutOfMemoryError -Xms256m -Xmx512m -Dfile.encoding=windows-1256 -Duser.country=US -Duser.language=en -Duser.variant 
java_command: org.gradle.launcher.daemon.bootstrap.GradleDaemon 6.8
java_class_path (initial): C:\Users\Arta\.gradle\wrapper\dists\gradle-6.8-bin\1jblhjyydfkclfzx1agp92nyl\gradle-6.8\lib\gradle-launcher-6.8.jar
Launcher Type: SUN_STANDARD

[Global flags]
     intx CICompilerCount                          = 4                                         {product} {ergonomic}
   size_t CompressedClassSpaceSize                 = 260046848                                 {product} {ergonomic}
     uint ConcGCThreads                            = 2                                         {product} {ergonomic}
     uint G1ConcRefinementThreads                  = 8                                         {product} {ergonomic}
   size_t G1HeapRegionSize                         = 1048576                                   {product} {ergonomic}
    uintx GCDrainStackTargetSize                   = 64                                        {product} {ergonomic}
     bool HeapDumpOnOutOfMemoryError               = true                                   {manageable} {command line}
   size_t InitialHeapSize                          = 268435456                                 {product} {command line}
   size_t MarkStackSize                            = 4194304                                   {product} {ergonomic}
   size_t MaxHeapSize                              = 536870912                                 {product} {command line}
   size_t MaxMetaspaceSize                         = 268435456                                 {product} {command line}
   size_t MaxNewSize                               = 321912832                                 {product} {ergonomic}
   size_t MinHeapDeltaBytes                        = 1048576                                   {product} {ergonomic}
   size_t MinHeapSize                              = 268435456                                 {product} {command line}
    uintx NonNMethodCodeHeapSize                   = 5839372                                {pd product} {ergonomic}
    uintx NonProfiledCodeHeapSize                  = 122909434                              {pd product} {ergonomic}
    uintx ProfiledCodeHeapSize                     = 122909434                              {pd product} {ergonomic}
    uintx ReservedCodeCacheSize                    = 251658240                              {pd product} {ergonomic}
     bool SegmentedCodeCache                       = true                                      {product} {ergonomic}
   size_t SoftMaxHeapSize                          = 536870912                              {manageable} {ergonomic}
     bool UseCompressedClassPointers               = true                                 {lp64_product} {ergonomic}
     bool UseCompressedOops                        = true                                 {lp64_product} {ergonomic}
     bool UseG1GC                                  = true                                      {product} {ergonomic}
     bool UseLargePagesIndividualAllocation        = false                                  {pd product} {ergonomic}

Logging:
Log output configuration:
 #0: stdout all=warning uptime,level,tags
 #1: stderr all=off uptime,level,tags

Environment Variables:
JAVA_HOME=C:\Program Files\Java\jdk-14.0.1
CLASSPATH=.;.;D:\Program Files (x86)\JMF2.1.1e\lib\sound.jar;D:\Program Files (x86)\JMF2.1.1e\lib\jmf.jar;D:\Program Files (x86)\JMF2.1.1e\lib;
PATH=C:\Python39\Scripts\;C:\Python39\;C:\Program Files (x86)\Common Files\Intel\Shared Libraries\redist\intel64_win\compiler;D:\Users\Arta\AppData\Local\Programs\Python\Python37\Scripts\;D:\Users\Arta\AppData\Local\Programs\Python\Python37\;C:\Program Files (x86)\Common Files\Intel\Shared Libraries\redist\intel64\compiler;C:\Program Files (x86)\Common Files\Oracle\Java\javapath;C:\Program Files (x86)\Intel\iCLS Client\;C:\Program Files\Intel\iCLS Client\;C:\Windows\system32;C:\Windows;C:\Windows\System32\Wbem;C:\Windows\System32\WindowsPowerShell\v1.0\;C:\Program Files (x86)\NVIDIA Corporation\PhysX\Common;C:\Program Files (x86)\Intel\Intel(R) Management Engine Components\DAL;C:\Program Files\Intel\Intel(R) Management Engine Components\DAL;C:\Program Files (x86)\Intel\Intel(R) Management Engine Components\IPT;C:\Program Files\Intel\Intel(R) Management Engine Components\IPT;C:\Program Files\Intel\WiFi\bin\;C:\Program Files\Common Files\Intel\WirelessCommon\;C:\WINDOWS\system32;C:\WINDOWS;C:\WINDOWS\System32\Wbem;C:\WINDOWS\System32\WindowsPowerShell\v1.0\;C:\WINDOWS\System32\OpenSSH\;C:\Program Files (x86)\Windows Kits\10\Windows Performance Toolkit\;C:\Program Files\Microsoft SQL Server\130\Tools\Binn\;C:\Program Files\dotnet\;C:\Gradle\gradle-5.0\bin;C:\Program Files\NVIDIA Corporation\NVIDIA NvDLISR;C:\Program Files (x86)\Microsoft SQL Server\Client SDK\ODBC\130\Tools\Binn\;C:\Program Files (x86)\Microsoft SQL Server\140\Tools\Binn\;C:\Program Files (x86)\Microsoft SQL Server\140\DTS\Binn\;C:\Program Files (x86)\Microsoft SQL Server\140\Tools\Binn\ManagementStudio\;D:\Program Files (x86)\MKVToolNix;D:\Program Files\Microsoft VS Code\bin;D:\Program Files\Git\cmd;C:\WINDOWS\system32;C:\WINDOWS;C:\WINDOWS\System32\Wbem;C:\WINDOWS\System32\WindowsPowerShell\v1.0\;C:\WINDOWS\System32\OpenSSH\;D:\Program Files\nodejs\;C:\ProgramData\chocolatey\bin;D:\AndroidSDK\platform-tools;C:\Program Files\MySQL\MySQL Shell 8.0\bin\;C:\Users\Arta\AppData\Local\Microsoft\WindowsApps;C:\
USERNAME=Arta
OS=Windows_NT
PROCESSOR_IDENTIFIER=Intel64 Family 6 Model 94 Stepping 3, GenuineIntel



---------------  S Y S T E M  ---------------

OS: Windows 10 , 64 bit Build 19041 (10.0.19041.1151)
OS uptime: 2 days 5:35 hours

CPU:total 8 (initial active 8) (4 cores per cpu, 2 threads per core) family 6 model 94 stepping 3, cmov, cx8, fxsr, mmx, sse, sse2, sse3, ssse3, sse4.1, sse4.2, popcnt, avx, avx2, aes, clmul, erms, rtm, 3dnowpref, lzcnt, ht, tsc, tscinvbit, bmi1, bmi2, adx, fma

Memory: 4k page, system-wide physical 12183M (1716M free)
TotalPageFile size 14899M (AvailPageFile size 22M)
current process WorkingSet (physical memory assigned to process): 209M, peak: 209M
current process commit charge ("private bytes"): 419M, peak: 421M

vm_info: Java HotSpot(TM) 64-Bit Server VM (14.0.1+7) for windows-amd64 JRE (14.0.1+7), built on Mar  5 2020 10:30:14 by "mach5one" with MS VC++ 15.9 (VS2017)

END.
